[     495ms] [WARNING] The resource http://localhost:3000/_next/static/media/3dc379dc9b5dec12-s.p.woff2?v=1776388401823 was preloaded using link preload but not used within a few seconds from the window's load event. Please make sure it has an appropriate `as` value and it is preloaded intentionally. @ http://localhost:3000/:0
[     495ms] [WARNING] The resource http://localhost:3000/_next/static/media/636a5ac981f94f8b-s.p.woff2?v=1776388401823 was preloaded using link preload but not used within a few seconds from the window's load event. Please make sure it has an appropriate `as` value and it is preloaded intentionally. @ http://localhost:3000/:0
[     495ms] [WARNING] The resource http://localhost:3000/_next/static/media/d3ebbfd689654d3a-s.p.woff2?v=1776388401823 was preloaded using link preload but not used within a few seconds from the window's load event. Please make sure it has an appropriate `as` value and it is preloaded intentionally. @ http://localhost:3000/:0
[     495ms] [WARNING] The resource http://localhost:3000/_next/static/media/98e207f02528a563-s.p.woff2?v=1776388401823 was preloaded using link preload but not used within a few seconds from the window's load event. Please make sure it has an appropriate `as` value and it is preloaded intentionally. @ http://localhost:3000/:0
[    1019ms] [LOG] [Fast Refresh] rebuilding @ webpack-internal:///(app-pages-browser)/./node_modules/next/dist/next-devtools/shared/forward-logs-shared.js:27
[    3116ms] [WARNING] [Fast Refresh] performing full reload

Fast Refresh will perform a full reload when you edit a file that's imported by modules outside of the React rendering tree.
You might have a file which exports a React component but also exports a value that is imported by a non-React component file.
Consider migrating the non-React component export to a separate file and importing it into both files.

It is also possible the parent component of the component you edited is a class component, which disables Fast Refresh.
Fast Refresh requires at least one parent function component in your React tree. @ webpack-internal:///(app-pages-browser)/./node_modules/next/dist/next-devtools/shared/forward-logs-shared.js:27
[    4746ms] [VERBOSE] [DOM] Input elements should have autocomplete attributes (suggested: "current-password"): (More info: https://goo.gl/9p2vKq) %o @ http://localhost:3000/dashboard/login?next=%2Fdashboard:0
[    8368ms] [INFO] %cDownload the React DevTools for a better development experience: https://react.dev/link/react-devtools font-weight:bold @ webpack-internal:///(app-pages-browser)/./node_modules/next/dist/next-devtools/shared/forward-logs-shared.js:27
[    8735ms] [LOG] [HMR] connected @ webpack-internal:///(app-pages-browser)/./node_modules/next/dist/next-devtools/shared/forward-logs-shared.js:27
[   12945ms] [WARNING] The resource http://localhost:3000/_next/static/media/636a5ac981f94f8b-s.p.woff2?v=1776389199067 was preloaded using link preload but not used within a few seconds from the window's load event. Please make sure it has an appropriate `as` value and it is preloaded intentionally. @ http://localhost:3000/dashboard/login?next=%2Fdashboard:0
[   12945ms] [WARNING] The resource http://localhost:3000/_next/static/media/3dc379dc9b5dec12-s.p.woff2?v=1776389199067 was preloaded using link preload but not used within a few seconds from the window's load event. Please make sure it has an appropriate `as` value and it is preloaded intentionally. @ http://localhost:3000/dashboard/login?next=%2Fdashboard:0
[   12945ms] [WARNING] The resource http://localhost:3000/_next/static/media/98e207f02528a563-s.p.woff2?v=1776389199067 was preloaded using link preload but not used within a few seconds from the window's load event. Please make sure it has an appropriate `as` value and it is preloaded intentionally. @ http://localhost:3000/dashboard/login?next=%2Fdashboard:0
[   12945ms] [WARNING] The resource http://localhost:3000/_next/static/media/d3ebbfd689654d3a-s.p.woff2?v=1776389199067 was preloaded using link preload but not used within a few seconds from the window's load event. Please make sure it has an appropriate `as` value and it is preloaded intentionally. @ http://localhost:3000/dashboard/login?next=%2Fdashboard:0
[   41113ms] [LOG] [Fast Refresh] rebuilding @ webpack-internal:///(app-pages-browser)/./node_modules/next/dist/next-devtools/shared/forward-logs-shared.js:27
[   41767ms] [LOG] [Fast Refresh] done in 655ms @ webpack-internal:///(app-pages-browser)/./node_modules/next/dist/next-devtools/shared/forward-logs-shared.js:27
[   43287ms] [INFO] %cDownload the React DevTools for a better development experience: https://react.dev/link/react-devtools font-weight:bold @ webpack-internal:///(app-pages-browser)/./node_modules/next/dist/next-devtools/shared/forward-logs-shared.js:27
[   43359ms] [LOG] [HMR] connected @ webpack-internal:///(app-pages-browser)/./node_modules/next/dist/next-devtools/shared/forward-logs-shared.js:27
[   46950ms] [WARNING] The resource http://localhost:3000/_next/static/media/d3ebbfd689654d3a-s.p.woff2?v=1776389238652 was preloaded using link preload but not used within a few seconds from the window's load event. Please make sure it has an appropriate `as` value and it is preloaded intentionally. @ http://localhost:3000/dashboard:0
[   46950ms] [WARNING] The resource http://localhost:3000/_next/static/media/98e207f02528a563-s.p.woff2?v=1776389238652 was preloaded using link preload but not used within a few seconds from the window's load event. Please make sure it has an appropriate `as` value and it is preloaded intentionally. @ http://localhost:3000/dashboard:0
[   46950ms] [WARNING] The resource http://localhost:3000/_next/static/media/636a5ac981f94f8b-s.p.woff2?v=1776389238652 was preloaded using link preload but not used within a few seconds from the window's load event. Please make sure it has an appropriate `as` value and it is preloaded intentionally. @ http://localhost:3000/dashboard:0
[   46950ms] [WARNING] The resource http://localhost:3000/_next/static/media/3dc379dc9b5dec12-s.p.woff2?v=1776389238652 was preloaded using link preload but not used within a few seconds from the window's load event. Please make sure it has an appropriate `as` value and it is preloaded intentionally. @ http://localhost:3000/dashboard:0
[  396581ms] [LOG] [Fast Refresh] rebuilding @ webpack-internal:///(app-pages-browser)/./node_modules/next/dist/next-devtools/shared/forward-logs-shared.js:27
[  396987ms] [LOG] [Fast Refresh] rebuilding @ webpack-internal:///(app-pages-browser)/./node_modules/next/dist/next-devtools/shared/forward-logs-shared.js:27
[  397532ms] [LOG] [Fast Refresh] done in 545ms @ webpack-internal:///(app-pages-browser)/./node_modules/next/dist/next-devtools/shared/forward-logs-shared.js:27
[  398361ms] [LOG] [Fast Refresh] done in 1374ms @ webpack-internal:///(app-pages-browser)/./node_modules/next/dist/next-devtools/shared/forward-logs-shared.js:27
[  401604ms] [WARNING] The resource http://localhost:3000/_next/static/media/d3ebbfd689654d3a-s.p.woff2?v=1776389238652 was preloaded using link preload but not used within a few seconds from the window's load event. Please make sure it has an appropriate `as` value and it is preloaded intentionally. @ http://localhost:3000/dashboard:0
[  401605ms] [WARNING] The resource http://localhost:3000/_next/static/media/98e207f02528a563-s.p.woff2?v=1776389238652 was preloaded using link preload but not used within a few seconds from the window's load event. Please make sure it has an appropriate `as` value and it is preloaded intentionally. @ http://localhost:3000/dashboard:0
[  401605ms] [WARNING] The resource http://localhost:3000/_next/static/media/636a5ac981f94f8b-s.p.woff2?v=1776389238652 was preloaded using link preload but not used within a few seconds from the window's load event. Please make sure it has an appropriate `as` value and it is preloaded intentionally. @ http://localhost:3000/dashboard:0
[  401605ms] [WARNING] The resource http://localhost:3000/_next/static/media/3dc379dc9b5dec12-s.p.woff2?v=1776389238652 was preloaded using link preload but not used within a few seconds from the window's load event. Please make sure it has an appropriate `as` value and it is preloaded intentionally. @ http://localhost:3000/dashboard:0
[  413583ms] [LOG] [Fast Refresh] rebuilding @ webpack-internal:///(app-pages-browser)/./node_modules/next/dist/next-devtools/shared/forward-logs-shared.js:27
[  413828ms] [LOG] [Fast Refresh] rebuilding @ webpack-internal:///(app-pages-browser)/./node_modules/next/dist/next-devtools/shared/forward-logs-shared.js:27
[  413887ms] [LOG] [Fast Refresh] done in 59ms @ webpack-internal:///(app-pages-browser)/./node_modules/next/dist/next-devtools/shared/forward-logs-shared.js:27
[  417231ms] [WARNING] The resource http://localhost:3000/_next/static/media/d3ebbfd689654d3a-s.p.woff2?v=1776389238652 was preloaded using link preload but not used within a few seconds from the window's load event. Please make sure it has an appropriate `as` value and it is preloaded intentionally. @ http://localhost:3000/dashboard:0
[  417231ms] [WARNING] The resource http://localhost:3000/_next/static/media/98e207f02528a563-s.p.woff2?v=1776389238652 was preloaded using link preload but not used within a few seconds from the window's load event. Please make sure it has an appropriate `as` value and it is preloaded intentionally. @ http://localhost:3000/dashboard:0
[  417231ms] [WARNING] The resource http://localhost:3000/_next/static/media/636a5ac981f94f8b-s.p.woff2?v=1776389238652 was preloaded using link preload but not used within a few seconds from the window's load event. Please make sure it has an appropriate `as` value and it is preloaded intentionally. @ http://localhost:3000/dashboard:0
[  417231ms] [WARNING] The resource http://localhost:3000/_next/static/media/3dc379dc9b5dec12-s.p.woff2?v=1776389238652 was preloaded using link preload but not used within a few seconds from the window's load event. Please make sure it has an appropriate `as` value and it is preloaded intentionally. @ http://localhost:3000/dashboard:0
[  418210ms] [LOG] [Fast Refresh] done in 4382ms @ webpack-internal:///(app-pages-browser)/./node_modules/next/dist/next-devtools/shared/forward-logs-shared.js:27
